1Nypatchy executing with files / options

   1  PAM       isajet.car
   2  FORT      isadecay.dat
   3  read      ./tmpcradle.cra
   4  print     isadecay.lis
   5  CC       -    ...

 Version: PATCHY  5.05 /3  1996/06/29 17.00     .RJP, today: 11/01/24 11.38

     1  + +USE,*ISADECAY
     2  + +EXE

     3  + +PAM,T=C.

 ---> start reading file  isajet.car

 Read Pam file: RUTGERS modification of ISAJET 7.80

 Read Pam file: ISAJET 7.80 29-OCT-2009 12:50:36 - Rutgers Version April 201

     1  + +QUIT

 --------------------------------------
 Summary of patches in processing order

 Processing mode selections                        Other status bits for P=X

 U - use                                           F - skipped by +PATCH,X,IF=...
 L - list                                           M - skipped by +IMITATE,X
 E - exe                                             X - not +EXE but deck to ASM
 D - divert                                           P - partial +USE,X,D=...
 X - xdivert                Self +         Self        R - P=X,T=REPEAT
                    Inhibit Foreign  Trans   only       Q - quoted in IF=X
                    ------- ------- ------ ------
        Patch        ULEDX   ULEDX   LEDX   LEDX   FMXPRQ  Used from P=

      0 CRA*               . U E   .      .  E   .     R   CRA*

 RUTGERS modification of ISAJET 7.80
      0 @RUTGERS           .   E   .      .  E   .

 ISAJET 7.80 29-OCT-2009 12:50:36 - Rutge
      0 @ISAJET            .   E   .      .  E   .
      1 *ISADECAY          . U E   .      .  E   .         CRA*
    560 ISADECAY           . U E   .      .  E   .         *ISADECAY
    569 CRA*               . U E   .      .  E   .     R   CRA*

 Name stack:       significant name length is 32 characters
                1% used of   6000 name slots available
                1% used of  48000 bytes of text available

 Read:           4 lines from the cradle
             99438 lines from   2 PAM files for  1 lines +PAM

 Written:

   physical FORT:0          2 units   1460 lines to file  isadecay.dat

    logical DATA:1          2 decks written via FORT:0

 No errors, no warnings.

