1Nypatchy executing with files / options

   1  PAM       isajet.car
   2  FORT      isajet.f
   3  read      ./tmpcradle.cra
   4  print     isajet.lis
   5  CC       -    ...

 Version: PATCHY  5.05 /3  1996/06/29 17.00     .RJP, today: 11/01/24 11.38

 !! Warning   1  **!! control line ends on comma !!**
     2  ! +USE,CERN,RANLUX,

     1  + +USE,*ISAJET,PDFLIB,LINUX
     2  + +USE,CERN,RANLUX,
     3  + +EXE.

     4  + +PAM,T=C.

 ---> start reading file  isajet.car

 Read Pam file: RUTGERS modification of ISAJET 7.80

 Read Pam file: ISAJET 7.80 29-OCT-2009 12:50:36 - Rutgers Version April 201

     1  + +QUIT

 --------------------------------------
 Summary of patches in processing order

 Processing mode selections                        Other status bits for P=X

 U - use                                           F - skipped by +PATCH,X,IF=...
 L - list                                           M - skipped by +IMITATE,X
 E - exe                                             X - not +EXE but deck to ASM
 D - divert                                           P - partial +USE,X,D=...
 X - xdivert                Self +         Self        R - P=X,T=REPEAT
                    Inhibit Foreign  Trans   only       Q - quoted in IF=X
                    ------- ------- ------ ------
        Patch        ULEDX   ULEDX   LEDX   LEDX   FMXPRQ  Used from P=

      0 CRA*               . U E   .      .  E   .     R   CRA*

 RUTGERS modification of ISAJET 7.80
      0 @RUTGERS           .   E   .      .  E   .

 ISAJET 7.80 29-OCT-2009 12:50:36 - Rutge
      0 @ISAJET            .   E   .      .  E   .
      2 *ISAJET            . U E   .      .  E   .         CRA*
     20 LINUX              . U E   .      .  E   .         CRA*
     25 ISACDE             . U E   .      .  E   .         *ISAJET
     31 ISADATA            . U E   .      .  E   .         *ISAJET
     33 ISAJET             . U E   .      .  E   .         *ISAJET
    240 ISASUSY            . U E   .      .  E   .         *ISAJET
    400 ISATAPE            . U E   .      .  E   .         *ISAJET
    401 ISATAPE            . U E   .      .  E   .         *ISAJET
    420 ISARUN             . U E   .      .  E   . F       *ISAJET
    569 CRA*               . U E   .      .  E   .     R   CRA*

 Quoted patches not seen on the PAM files

      0 CDC                .   E   .      .  E   .      Q
      0 CDCPACK            .   E   .      .  E   .      Q
      0 CERN               . U E   .      .  E   .      Q  CRA*
      0 DOUBLE             . U E   .      .  E   .      Q  LINUX
      0 ETA                .   E   .      .  E   .      Q
      0 HDECAY2            .   E   .      .  E   .      Q
      0 HDECAY3            .   E   .      .  E   .      Q
      0 IBM                .   E   .      .  E   .      Q
      0 IBMRT              .   E   .      .  E   .      Q
      0 IMPNONE            . U E   .      .  E   .      Q  LINUX
      0 INTERACT           .   E   .      .  E   .      Q
      0 LEVEL2             .   E   .      .  E   .      Q
      0 MOVEFTN            . U E   .      .  E   .      Q  LINUX
      0 NOCERN             .   E   .      .  E   .      Q
      0 NORANLUX           .   E   .      .  E   .      Q
      0 PDFLIB             . U E   .      .  E   .      Q  CRA*
      0 RANFFTN            .   E   .      .  E   .      Q
      0 RANLUX             . U E   .      .  E   .      Q  CRA*
      0 SGI                .   E   .      .  E   .      Q
      0 SINGLE             .   E   .      .  E   .      Q
      0 STDIO              . U E   .      .  E   .      Q  LINUX
      0 SUN                .   E   .      .  E   .      Q
      0 VAX                .   E   .      .  E   .      Q

 Other patches not seen

      0 RANFCALL           . U E   .      .  E   .         LINUX

 Name stack:       significant name length is 32 characters
                9% used of   6000 name slots available
                6% used of  48000 bytes of text available

 Read:           5 lines from the cradle
             99438 lines from   2 PAM files for  1 lines +PAM

 Written:

   physical FORT:0        354 units  80390 lines to file  isajet.f

    logical FORT:1        354 decks written via FORT:0

    **!!    1 warnings  !!**

