1Nypatchy executing with files / options

   1  PAM       isajet.car
   2  FORT      ssrun.f
   3  read      ./tmpcradle.cra
   4  print     ssrun.lis
   5  CC       -    ...

 Version: PATCHY  5.05 /3  1996/06/29 17.00     .RJP, today: 11/01/24 11.39

     1  + +USE,*ISASUSY,LINUX
     2  + +EXE,ISASSRUN

     3  + +PAM,T=C.

 ---> start reading file  isajet.car

 Read Pam file: RUTGERS modification of ISAJET 7.80

 Read Pam file: ISAJET 7.80 29-OCT-2009 12:50:36 - Rutgers Version April 201

     1  + +QUIT

 --------------------------------------
 Summary of patches in processing order

 Processing mode selections                        Other status bits for P=X

 U - use                                           F - skipped by +PATCH,X,IF=...
 L - list                                           M - skipped by +IMITATE,X
 E - exe                                             X - not +EXE but deck to ASM
 D - divert                                           P - partial +USE,X,D=...
 X - xdivert                Self +         Self        R - P=X,T=REPEAT
                    Inhibit Foreign  Trans   only       Q - quoted in IF=X
                    ------- ------- ------ ------
        Patch        ULEDX   ULEDX   LEDX   LEDX   FMXPRQ  Used from P=

      0 CRA*               . U     .      .      .     R   CRA*

 RUTGERS modification of ISAJET 7.80
      0 @RUTGERS           .       .      .      .

 ISAJET 7.80 29-OCT-2009 12:50:36 - Rutge
      0 @ISAJET            .       .      .      .
      5 *ISASUSY           . U     .      .      .         CRA*
     20 LINUX              . U     .      .      .         CRA*
     25 ISACDE             . U     .      .      .         *ISASUSY
     31 ISADATA            . U     .      .      .         *ISASUSY
    234 ISASSRUN           . U E   .      .  E   .         *ISASUSY
    240 ISASUSY            . U     .      .      .         *ISASUSY
    569 CRA*               . U     .      .      .     R   CRA*

 Quoted patches not seen on the PAM files

      0 CDC                .       .      .      .      Q
      0 CERN               .       .      .      .      Q
      0 DOUBLE             . U     .      .      .      Q  LINUX
      0 HDECAY2            .       .      .      .      Q
      0 HDECAY3            .       .      .      .      Q
      0 IMPNONE            . U     .      .      .      Q  LINUX
      0 LEVEL2             .       .      .      .      Q
      0 NOCERN             . U     .      .      .      Q  LINUX
      0 PDFLIB             .       .      .      .      Q
      0 RANLUX             .       .      .      .      Q
      0 SINGLE             .       .      .      .      Q

 Other patches not seen

      0 MOVEFTN            . U     .      .      .         LINUX
      0 NORANLUX           . U     .      .      .         LINUX
      0 RANFCALL           . U     .      .      .         LINUX
      0 RANFFTN            . U     .      .      .         LINUX
      0 STDIO              . U     .      .      .         LINUX

 Name stack:       significant name length is 32 characters
                6% used of   6000 name slots available
                4% used of  48000 bytes of text available

 Read:           4 lines from the cradle
             99438 lines from   2 PAM files for  1 lines +PAM

 Written:

   physical FORT:0          4 units   1006 lines to file  ssrun.f

    logical FORT:1          4 decks written via FORT:0

 No errors, no warnings.

