This is pdfeTeX, Version 3.141592-1.21a-2.2 (Web2C 7.5.4) (format=latex 2010.4.8)  8 APR 2010 16:13
entering extended mode
**dilepSensitivity
(./dilepSensitivity.tex
LaTeX2e <2003/12/01>
Babel <v3.8d> and hyphenation patterns for american, french, german, ngerman, b
ahasa, basque, bulgarian, catalan, croatian, czech, danish, dutch, esperanto, e
stonian, finnish, greek, icelandic, irish, italian, latin, magyar, norsk, polis
h, portuges, romanian, russian, serbian, slovak, slovene, spanish, swedish, tur
kish, ukrainian, nohyphenation, loaded.
(./cmspaper.cls
CMS paper style Version <0.4>, <25 Nov. 1996>
based on Document Style 'CERNART' Version <2.1>, <1 May 1995>
Document Class: cmspaper 1996/11/25
(/usr/share/texmf/tex/latex/base/article.cls
Document Class: article 2004/02/16 v1.4f Standard LaTeX document class
(/usr/share/texmf/tex/latex/base/size10.clo
File: size10.clo 2004/02/16 v1.4f Standard LaTeX file (size option)
)
\c@part=\count79
\c@section=\count80
\c@subsection=\count81
\c@subsubsection=\count82
\c@paragraph=\count83
\c@subparagraph=\count84
\c@figure=\count85
\c@table=\count86
\abovecaptionskip=\skip41
\belowcaptionskip=\skip42
\bibindent=\dimen102
)
\c@instfoot=\count87

(/usr/share/texmf/tex/latex/graphics/graphics.sty
Package: graphics 2001/07/07 v1.0n Standard LaTeX Graphics (DPC,SPQR)

(/usr/share/texmf/tex/latex/graphics/trig.sty
Package: trig 1999/03/16 v1.09 sin cos tan (DPC)
)
(/usr/share/texmf/tex/latex/graphics/graphics.cfg
File: graphics.cfg 2005/02/03 v1.3 graphics configuration of teTeX/TeXLive
)
Package graphics Info: Driver file: dvips.def on input line 80.

(/usr/share/texmf/tex/latex/graphics/dvips.def
File: dvips.def 1999/02/16 v3.0i Driver-dependant file (DPC,SPQR)
)))
(/usr/share/texmf/tex/latex/graphics/graphicx.sty
Package: graphicx 1999/02/16 v1.0f Enhanced LaTeX Graphics (DPC,SPQR)

(/usr/share/texmf/tex/latex/graphics/keyval.sty
Package: keyval 1999/03/16 v1.13 key=value parser (DPC)
\KV@toks@=\toks14
)
\Gin@req@height=\dimen103
\Gin@req@width=\dimen104
)
(/usr/share/texmf/tex/plain/dvips/rotate.tex
\rotdimen=\dimen105
)
(/usr/share/texmf/tex/latex/relsize/relsize.sty
Package: relsize 2003/07/04 ver 3.1
) (./dilepSensitivity.aux)
\openout1 = `dilepSensitivity.aux'.

LaTeX Font Info:    Checking defaults for OML/cmm/m/it on input line 10.
LaTeX Font Info:    ... okay on input line 10.
LaTeX Font Info:    Checking defaults for T1/cmr/m/n on input line 10.
LaTeX Font Info:    ... okay on input line 10.
LaTeX Font Info:    Checking defaults for OT1/cmr/m/n on input line 10.
LaTeX Font Info:    ... okay on input line 10.
LaTeX Font Info:    Checking defaults for OMS/cmsy/m/n on input line 10.
LaTeX Font Info:    ... okay on input line 10.
LaTeX Font Info:    Checking defaults for OMX/cmex/m/n on input line 10.
LaTeX Font Info:    ... okay on input line 10.
LaTeX Font Info:    Checking defaults for U/cmr/m/n on input line 10.
LaTeX Font Info:    ... okay on input line 10.
LaTeX Font Info:    Try loading font information for OT1+ptm on input line 10.

(/usr/share/texmf/tex/latex/psnfss/ot1ptm.fd
File: ot1ptm.fd 2001/06/04 font definitions for OT1/ptm.
)
LaTeX Font Info:    Try loading font information for OT1+phv on input line 16.

(/usr/share/texmf/tex/latex/psnfss/ot1phv.fd
File: ot1phv.fd 2001/06/04 scalable font definitions for OT1/phv.
)
LaTeX Font Info:    External font `cmex10' loaded for size
(Font)              <20.74> on input line 16.
LaTeX Font Info:    External font `cmex10' loaded for size
(Font)              <14.4> on input line 16.
LaTeX Font Info:    External font `cmex10' loaded for size
(Font)              <12> on input line 16.
LaTeX Font Info:    Font shape `OT1/ptm/bx/n' in size <10> not available
(Font)              Font shape `OT1/ptm/b/n' tried instead on input line 27.
LaTeX Font Info:    External font `cmex10' loaded for size
(Font)              <7> on input line 28.
LaTeX Font Info:    External font `cmex10' loaded for size
(Font)              <5> on input line 28.
 [1


] (./intro.tex
LaTeX Font Info:    Font shape `OT1/ptm/bx/n' in size <14.4> not available
(Font)              Font shape `OT1/ptm/b/n' tried instead on input line 1.
LaTeX Font Info:    Try loading font information for OMS+ptm on input line 9.

(/usr/share/texmf/tex/latex/psnfss/omsptm.fd
File: omsptm.fd 
)
LaTeX Font Info:    Font shape `OMS/ptm/m/n' in size <10> not available
(Font)              Font shape `OMS/cmsy/m/n' tried instead on input line 9.


LaTeX Warning: Citation `cdf' on page 1 undefined on input line 17.


LaTeX Warning: Citation `dzero' on page 1 undefined on input line 17.

) (./samples.tex
LaTeX Font Info:    Try loading font information for OT1+pcr on input line 13.
 (/usr/share/texmf/tex/latex/psnfss/ot1pcr.fd
File: ot1pcr.fd 2001/06/04 font definitions for OT1/pcr.
))
(./selections.tex [1]
LaTeX Font Info:    Font shape `OT1/ptm/bx/n' in size <12> not available
(Font)              Font shape `OT1/ptm/b/n' tried instead on input line 44.
 [2]

LaTeX Warning: Citation `conversion' on page 3 undefined on input line 56.

) (./mSugra.tex) (./samesign.tex) (./oppositesign.tex
File: plots/hobs175_100pb.eps Graphic file (type eps)

<plots/hobs175_100pb.eps>
File: plots/smvictory.eps Graphic file (type eps)
 <plots/smvictory.eps>
LaTeX Font Info:    External font `cmex10' loaded for size
(Font)              <8> on input line 74.
LaTeX Font Info:    External font `cmex10' loaded for size
(Font)              <6> on input line 74.


LaTeX Warning: Citation `cite:conway' on page 3 undefined on input line 87.

[3]
File: plots/hzbi175_100pb.eps Graphic file (type eps)
 <plots/hzbi175_100pb.eps>
File: plots/hzbi175_1fb.eps Graphic file (type eps)
 <plots/hzbi175_1fb.eps>
File: plots/hzn175_100pb.eps Graphic file (type eps)
 <plots/hzn175_100pb.eps>
File: plots/hzn175_1fb.eps Graphic file (type eps)

<plots/hzn175_1fb.eps> [4] [5]
File: plots/hexc175_100pb.eps Graphic file (type eps)
 <plots/hexc175_100pb.eps>
File: plots/hexc175_1fb.eps Graphic file (type eps)

<plots/hexc175_1fb.eps>) (./conclusion.tex) [6] [7] [8] (./bib.tex) [9

]
(./dilepSensitivity.aux)

LaTeX Warning: There were undefined references.

 ) 
Here is how much of TeX's memory you used:
 903 strings out of 94501
 10854 string characters out of 1176790
 61420 words of memory out of 1000000
 4067 multiletter control sequences out of 10000+50000
 14213 words of font info for 41 fonts, out of 500000 for 2000
 580 hyphenation exceptions out of 1000
 29i,9n,20p,449b,302s stack positions out of 1500i,500n,5000p,200000b,5000s

Output written on dilepSensitivity.dvi (10 pages, 29640 bytes).
