             SUSPECT2.4 OUTPUT: pMSSM CASE
             -----------------------------
Spectrum calculation only at low (EWSB) energy  scale
             -----------------------------
Input values:
-------------
  M_top      mb_mb      M_tau      1/alpha    sw**2(M_Z)   alpha_S
  175.0      4.250      1.777      127.93     0.2221       0.1172    

Input non-universal soft terms at M_EWSB
----------------------------------------
  Q_EWSB    mu         M_A        tan(beta)  sign(mu)
  91.19     0.1000E+05 1000.0     10.000      1.000    
  M_1        M_2        M_3
 0.1000E+05  130.0      600.0    

  m_eR       m_eL       m_dR       m_uR       m_qL
 0.1000E+05  120.0      600.0      600.0      600.0    

  m_tauR     m_tauL     m_bR       m_tR       m_QL
 0.1000E+05  120.0      600.0      600.0      600.0    

  Atau       Abottom    Atop       Al         Ad         Au
 0.1000E+06 0.1000E+06  1000.      0.000      0.000      0.000    

Fermion masses and gauge couplings: Q=EWSB
------------------------------------------
  M_top      M_bot      M_tau        g1         g2         g3
  164.1      2.783      1.782     0.4567     0.6419      1.137    

Mass matrices and mixing angles:
--------------------------------
  tan(beta)  alpha_(h,H)
 10.000    -0.1000    

  thet_tau    thet_b           thet_t
-0.1818E-09  1.571     0.1047E-04

  Z(i,j)
  0.7782E-05 -1.0000      0.8098E-02 -0.9138E-03
  0.7089      0.4505E-02  0.4994     -0.4980    
  0.1418E-02 -0.5080E-02 -0.7071     -0.7071    
  0.7053     -0.4507E-02 -0.5006      0.5020    

  U(i,j)                  V(i,j)
 -0.9999      0.1145E-01 -1.0000      0.1292E-02
  0.1145E-01  0.9999      0.1292E-02  1.0000    

Final Higgs and SUSY particle masses: 
------------------------------------- 
  h           H           A           H+
  106.13      3089.9     1000.00      366.11    

  chi+_1     chi+_2     chi0_1     chi0_2     chi0_3     chi0_4
  129.9     0.1000E+05  129.9      9966.    -0.1000E+05 0.1003E+05

  gluino
  600.0    

  stop_1     stop_2     sup_1      sup_2
  619.6      620.9      597.6      598.9    

  sbot_1     sbot_2     sdown_1    sdown_2
  600.6      603.0      603.0      600.5    

  stau_1     stau_2     snutau     selec_1    selec_2    snuelec
  129.1     0.1000E+05  100.9      129.0     0.1000E+05  100.9    

Low-energy/LEP precision parameter values:
 Delta_rho   g_mu -2   Br(b->s gamma)
 0.2385E-03 0.2116E-09 0.4259E-03
Fine-tuning values for info: fine-tuned if >>1
dmZ^2/mZ^2(mu^2) dmZ^2/mZ^2(B.mu) dmt/mt(mu)     dmt/mt(B.mu)
 0.2503E+05 -107.9     0.1252E+05 -53.96    

Warning/Error Flags: errmess(1)-(10):
-------------------------------------
   0. 0.-1. 0. 0. 0.-1.-1. 0. 0.
---------------------------------
errmess(i)= 0: Everything is fine.
errmess(1)=-1: tachyon 3rd gen. sfermion from RGE
errmess(2)=-1: tachyon 1,2 gen. sfermion from RGE
errmess(3)=-1: tachyon A    (maybe temporary: see final mass) 
errmess(4)=-1: tachyon 3rd gen. sfermion from mixing
errmess(5)=-1: mu unstable after many iter
errmess(6)=-1: non-convergent mu from EWSB 
errmess(7)=-1: EWSB maybe inconsistent        (!but RG-improved only check)
errmess(8)=-1: V_eff maybe UFB or CCB         (!but RG-improved only check)
errmess(9)=-1: Higgs boson masses are NaN 
errmess(10)=-1: RGE problems (non-pert and/or Landau poles)
Warning:  MA^2(Q) <0 at a scale MZ<Q<EWSB ! 
check final results 
EW Sym. Break. may be not realized 
(however from naive tree-level analysis) 
Potential may be unbounded from below 
(however from naive tree-level analysis) 
