#
#                              ======================
#                              | THE SUSYHIT OUTPUT |
#                              ======================
#
#
#              ------------------------------------------------------
#              |     This is the output of the SUSY-HIT package     |
#              |  created by A.Djouadi, M.Muehlleitner and M.Spira. |
#              |  In case of problems with SUSY-HIT email to        |
#              |           margarete.muehlleitner@cern.ch           |
#              |           michael.spira@psi.ch                     |
#              |           abdelhak.djouadi@cern.ch                 |
#              ------------------------------------------------------
#
#              ------------------------------------------------------
#              |  SUSY Les Houches Accord - MSSM Spectrum + Decays  |
#              |              based on the decay programs           |
#              |                                                    |
#              |                     SDECAY 1.2                     |
#              |                                                    |
#              |  Authors: M.Muhlleitner, A.Djouadi and Y.Mambrini  |
#              |  Ref.:    Comput.Phys.Commun.168(2005)46           |
#              |           [hep-ph/0311167]                         |
#              |                                                    |
#              |                     HDECAY 3.200                   |
#              |                                                    |
#              |  By: A.Djouadi,J.Kalinowski,M.Muhlleitner,M.Spira  |
#              |  Ref.:    Comput.Phys.Commun.108(1998)56           |
#              |           [hep-ph/9704448]                         |
#              |                                                    |
#              |                                                    |
#              |  If not stated otherwise all DRbar couplings and   |
#              |  soft SUSY breaking masses are given at the scale  |
#              |  Q=  0.91187600E+02
#              |                                                    |
#              ------------------------------------------------------
#
#
BLOCK DCINFO  # Decay Program information
     1   SDECAY/HDECAY # decay calculator
     2   1.2   /3.200  # version number
#
BLOCK SPINFO  # Spectrum calculator information
     1   SuSpect     # RGE +Spectrum calculator            
     2   2.41         # version number                     
#
BLOCK MODSEL  # Model selection
     1     0   # #general MSSM low scale                           
#
BLOCK SMINPUTS  # Standard Model inputs
         1     1.27934000E+02   # alpha_em^-1(M_Z)^MSbar
         2     1.16639000E-05   # G_F [GeV^-2]
         3     1.17200000E-01   # alpha_S(M_Z)^MSbar
         4     9.11870000E+01   # M_Z pole mass
         5     4.25000000E+00   # mb(mb)^MSbar
         6     1.75000000E+02   # mt pole mass
         7     1.77700000E+00   # mtau pole mass
#
BLOCK MINPAR  # Input parameters - minimal models
#
BLOCK EXTPAR  # Input parameters - non-minimal models
         0     9.11876000E+01   # EWSB                
         1     1.50000000E+03   # M_1                 
         2     2.50000000E+02   # M_2                 
         3     6.00000000E+02   # M_3                 
        11     4.97000000E+02   # A_t                 
        12     4.49700000E+03   # A_b                 
        13     4.49700000E+03   # A_tau               
        23     1.50000000E+03   # mu(EWSB)            
        25     3.00000000E+00   # tanbeta(in)         
        26     1.00000000E+03   # MA_pole             
        31     1.50000000E+02   # M_eL                
        32     1.50000000E+02   # M_muL               
        33     1.50000000E+02   # M_tauL              
        34     1.50000000E+03   # M_eR                
        35     1.50000000E+03   # M_muR               
        36     1.50000000E+03   # M_tauR              
        41     4.80000000E+02   # M_q1L               
        42     4.80000000E+02   # M_q2L               
        43     4.80000000E+02   # M_q3L               
        44     4.80000000E+02   # M_uR                
        45     4.80000000E+02   # M_cR                
        46     4.80000000E+02   # M_tR                
        47     4.80000000E+02   # M_dR                
        48     4.80000000E+02   # M_sR                
        49     4.80000000E+02   # M_bR                
#
BLOCK MASS  # Mass Spectrum
# PDG code           mass       particle
        24     8.05258238E+01   # W+
        25     1.19000000E+02   # h
        35     9.97396396E+02   # H
        36     1.00000000E+03   # A
        37     9.93936505E+02   # H+
         5     4.87877839E+00   # b-quark pole mass calculated from mb(mb)_Msbar
   1000001     4.82990055E+02   # ~d_L
   2000001     4.80554430E+02   # ~d_R
   1000002     4.77549125E+02   # ~u_L
   2000002     4.78889214E+02   # ~u_R
   1000003     4.82990055E+02   # ~s_L
   2000003     4.80554430E+02   # ~s_R
   1000004     4.77549125E+02   # ~c_L
   2000004     4.78889214E+02   # ~c_R
   1000005     4.80562521E+02   # ~b_1
   2000005     4.82998168E+02   # ~b_2
   1000006     5.04894491E+02   # ~t_1
   2000006     5.06493690E+02   # ~t_2
   1000011     1.55930347E+02   # ~e_L
   2000011     1.50053247E+03   # ~e_R
   1000012     1.38159496E+02   # ~nu_eL
   1000013     1.55930347E+02   # ~mu_L
   2000013     1.50053247E+03   # ~mu_R
   1000014     1.38159496E+02   # ~nu_muL
   1000015     1.55940564E+02   # ~tau_1
   2000015     1.50053353E+03   # ~tau_2
   1000016     1.38159496E+02   # ~nu_tauL
   1000021     6.00000000E+02   # ~g
   1000022     2.46583490E+02   # ~chi_10
   1000023     1.46222482E+03   # ~chi_20
   1000025    -1.50087834E+03   # ~chi_30
   1000035     1.54207002E+03   # ~chi_40
   1000024     2.46587019E+02   # ~chi_1+
   1000037     1.50490213E+03   # ~chi_2+
#
BLOCK NMIX  # Neutralino Mixing Matrix
  1  1     1.50426508E-03   # N_11
  1  2    -9.98127883E-01   # N_12
  1  3     5.52960737E-02   # N_13
  1  4    -2.60923286E-02   # N_14
  2  1     7.24685103E-01   # N_21
  2  2     4.08433890E-02   # N_22
  2  3     4.89487995E-01   # N_23
  2  4    -4.83285446E-01   # N_24
  3  1     6.65845398E-03   # N_31
  3  2    -2.06402492E-02   # N_32
  3  3    -7.06526511E-01   # N_33
  3  4    -7.07354179E-01   # N_34
  4  1     6.89046373E-01   # N_41
  4  2    -4.05774060E-02   # N_42
  4  3    -5.08098550E-01   # N_43
  4  4     5.15174177E-01   # N_44
#
BLOCK UMIX  # Chargino Mixing Matrix U
  1  1    -9.96949223E-01   # U_11
  1  2     7.80528409E-02   # U_12
  2  1     7.80528409E-02   # U_21
  2  2     9.96949223E-01   # U_22
#
BLOCK VMIX  # Chargino Mixing Matrix V
  1  1    -9.99319528E-01   # V_11
  1  2     3.68847055E-02   # V_12
  2  1     3.68847055E-02   # V_21
  2  2     9.99319528E-01   # V_22
#
BLOCK STOPMIX  # Stop Mixing Matrix
  1  1     9.46690848E-01   # cos(theta_t)
  1  2     3.22143506E-01   # sin(theta_t)
  2  1    -3.22143506E-01   # -sin(theta_t)
  2  2     9.46690848E-01   # cos(theta_t)
#
BLOCK SBOTMIX  # Sbottom Mixing Matrix
  1  1     3.57097695E-03   # cos(theta_b)
  1  2     9.99993624E-01   # sin(theta_b)
  2  1    -9.99993624E-01   # -sin(theta_b)
  2  2     3.57097695E-03   # cos(theta_b)
#
BLOCK STAUMIX  # Stau Mixing Matrix
  1  1     1.00000000E+00   # cos(theta_tau)
  1  2     0.00000000E+00   # sin(theta_tau)
  2  1     0.00000000E+00   # -sin(theta_tau)
  2  2     1.00000000E+00   # cos(theta_tau)
#
BLOCK ALPHA  # Higgs mixing
          -3.26588696E-01   # Mixing angle in the neutral Higgs boson sector
#
BLOCK HMIX Q=  9.11876000E+01  # DRbar Higgs Parameters
         1     1.50000000E+03   # mu(Q)               
         2     2.99999965E+00   # tanbeta(Q)          
         3     2.51688595E+02   # vev(Q)              
         4     8.26672271E+05   # MA^2(Q)             
#
BLOCK GAUGE Q=  9.11876000E+01  # The gauge couplings
     1     3.54705036E-01   # gprime(Q) DRbar
     2     6.41529261E-01   # g(Q) DRbar
     3     1.14133169E+00   # g3(Q) DRbar
#
BLOCK AU Q=  9.11876000E+01  # The trilinear couplings
  1  1     0.00000000E+00   # A_u(Q) DRbar
  2  2     0.00000000E+00   # A_c(Q) DRbar
  3  3     4.97000000E+02   # A_t(Q) DRbar
#
BLOCK AD Q=  9.11876000E+01  # The trilinear couplings
  1  1     0.00000000E+00   # A_d(Q) DRbar
  2  2     0.00000000E+00   # A_s(Q) DRbar
  3  3     4.49700000E+03   # A_b(Q) DRbar
#
BLOCK AE Q=  9.11876000E+01  # The trilinear couplings
  1  1     0.00000000E+00   # A_e(Q) DRbar
  2  2     0.00000000E+00   # A_mu(Q) DRbar
  3  3     4.49700000E+03   # A_tau(Q) DRbar
#
BLOCK Yu Q=  9.11876000E+01  # The Yukawa couplings
  1  1     0.00000000E+00   # y_u(Q) DRbar
  2  2     0.00000000E+00   # y_c(Q) DRbar
  3  3     9.72700736E-01   # y_t(Q) DRbar
#
BLOCK Yd Q=  9.11876000E+01  # The Yukawa couplings
  1  1     0.00000000E+00   # y_d(Q) DRbar
  2  2     0.00000000E+00   # y_s(Q) DRbar
  3  3     4.95890100E-02   # y_b(Q) DRbar
#
BLOCK Ye Q=  9.11876000E+01  # The Yukawa couplings
  1  1     0.00000000E+00   # y_e(Q) DRbar
  2  2     0.00000000E+00   # y_mu(Q) DRbar
  3  3     3.16826674E-02   # y_tau(Q) DRbar
#
BLOCK MSOFT Q=  9.11876000E+01  # The soft SUSY breaking masses at the scale Q
         1     1.50000000E+03   # M_1                 
         2     2.50000000E+02   # M_2                 
         3     6.00000000E+02   # M_3                 
        21    -1.33008726E+06   # M^2_Hd              
        22    -2.09522647E+06   # M^2_Hu              
        31     1.50000000E+02   # M_eL                
        32     1.50000000E+02   # M_muL               
        33     1.50000000E+02   # M_tauL              
        34     1.50000000E+03   # M_eR                
        35     1.50000000E+03   # M_muR               
        36     1.50000000E+03   # M_tauR              
        41     4.80000000E+02   # M_q1L               
        42     4.80000000E+02   # M_q2L               
        43     4.80000000E+02   # M_q3L               
        44     4.80000000E+02   # M_uR                
        45     4.80000000E+02   # M_cR                
        46     4.80000000E+02   # M_tR                
        47     4.80000000E+02   # M_dR                
        48     4.80000000E+02   # M_sR                
        49     4.80000000E+02   # M_bR                
#
#
#
#                             =================
#                             |The decay table|
#                             =================
#
# - The QCD corrections to the decays gluino -> squark  + quark
#                                     squark -> gaugino + quark_prime
#                                     squark -> squark_prime + Higgs
#                                     squark -> gluino  + quark
#   are included.
#
# - The multi-body decays for the inos, stops and sbottoms are included.
#
# - The loop induced decays for the gluino, neutralinos and stops
#   are included.
#
# - The SUSY decays of the top quark are included.
#
#
#         PDG            Width
DECAY         6     1.49637109E+00   # top decays
#          BR         NDA      ID1       ID2
     1.00000000E+00    2           5        24   # BR(t ->  b    W+)
#
#         PDG            Width
DECAY   1000021     1.32113454E+01   # gluino decays
#          BR         NDA      ID1       ID2
     4.80421464E-02    2     1000001        -1   # BR(~g -> ~d_L  db)
     4.80421464E-02    2    -1000001         1   # BR(~g -> ~d_L* d )
     4.98380804E-02    2     2000001        -1   # BR(~g -> ~d_R  db)
     4.98380804E-02    2    -2000001         1   # BR(~g -> ~d_R* d )
     5.20865818E-02    2     1000002        -2   # BR(~g -> ~u_L  ub)
     5.20865818E-02    2    -1000002         2   # BR(~g -> ~u_L* u )
     5.10795736E-02    2     2000002        -2   # BR(~g -> ~u_R  ub)
     5.10795736E-02    2    -2000002         2   # BR(~g -> ~u_R* u )
     4.80421464E-02    2     1000003        -3   # BR(~g -> ~s_L  sb)
     4.80421464E-02    2    -1000003         3   # BR(~g -> ~s_L* s )
     4.98380804E-02    2     2000003        -3   # BR(~g -> ~s_R  sb)
     4.98380804E-02    2    -2000003         3   # BR(~g -> ~s_R* s )
     5.20865818E-02    2     1000004        -4   # BR(~g -> ~c_L  cb)
     5.20865818E-02    2    -1000004         4   # BR(~g -> ~c_L* c )
     5.10795736E-02    2     2000004        -4   # BR(~g -> ~c_R  cb)
     5.10795736E-02    2    -2000004         4   # BR(~g -> ~c_R* c )
     5.06967531E-02    2     1000005        -5   # BR(~g -> ~b_1  bb)
     5.06967531E-02    2    -1000005         5   # BR(~g -> ~b_1* b )
     4.72104824E-02    2     2000005        -5   # BR(~g -> ~b_2  bb)
     4.72104824E-02    2    -2000005         5   # BR(~g -> ~b_2* b )
#
#         PDG            Width
DECAY   1000006     1.25142218E+01   # stop1 decays
#          BR         NDA      ID1       ID2
     2.22075437E-01    2     1000022         6   # BR(~t_1 -> ~chi_10 t )
     7.77924563E-01    2     1000024         5   # BR(~t_1 -> ~chi_1+ b )
#
#         PDG            Width
DECAY   2000006    -9.52005419E+00   # stop2 decays
#          BR         NDA      ID1       ID2
     2.21508059E-01    2     1000022         6   # BR(~t_2 -> ~chi_10 t )
     7.78491941E-01    2     1000024         5   # BR(~t_2 -> ~chi_1+ b )
#
#         PDG            Width
DECAY   1000005    -5.10215630E-03   # sbottom1 decays
#          BR         NDA      ID1       ID2
     4.99276799E-01    2     1000022         5   # BR(~b_1 -> ~chi_10 b )
     5.00723201E-01    2    -1000024         6   # BR(~b_1 -> ~chi_1- t )
#
#         PDG            Width
DECAY   2000005     2.18532446E+00   # sbottom2 decays
#          BR         NDA      ID1       ID2
     4.88997361E-01    2     1000022         5   # BR(~b_2 -> ~chi_10 b )
     5.11002639E-01    2    -1000024         6   # BR(~b_2 -> ~chi_1- t )
#
#         PDG            Width
DECAY   1000002     3.29947902E+00   # sup_L decays
#          BR         NDA      ID1       ID2
     3.32684125E-01    2     1000022         2   # BR(~u_L -> ~chi_10 u)
     6.67315875E-01    2     1000024         1   # BR(~u_L -> ~chi_1+ d)
#
#         PDG            Width
DECAY   2000002     1.36429475E-06   # sup_R decays
#          BR         NDA      ID1       ID2
     1.00000000E+00    2     1000022         2   # BR(~u_R -> ~chi_10 u)
#
#         PDG            Width
DECAY   1000001     3.37446722E+00   # sdown_L decays
#          BR         NDA      ID1       ID2
     3.33986334E-01    2     1000022         1   # BR(~d_L -> ~chi_10 d)
     6.66013666E-01    2    -1000024         2   # BR(~d_L -> ~chi_1- u)
#
#         PDG            Width
DECAY   2000001     3.43729580E-07   # sdown_R decays
#          BR         NDA      ID1       ID2
     1.00000000E+00    2     1000022         1   # BR(~d_R -> ~chi_10 d)
#
#         PDG            Width
DECAY   1000004     3.29947902E+00   # scharm_L decays
#          BR         NDA      ID1       ID2
     3.32684125E-01    2     1000022         4   # BR(~c_L -> ~chi_10 c)
     6.67315875E-01    2     1000024         3   # BR(~c_L -> ~chi_1+ s)
#
#         PDG            Width
DECAY   2000004     1.36429475E-06   # scharm_R decays
#          BR         NDA      ID1       ID2
     1.00000000E+00    2     1000022         4   # BR(~c_R -> ~chi_10 c)
#
#         PDG            Width
DECAY   1000003     3.37446722E+00   # sstrange_L decays
#          BR         NDA      ID1       ID2
     3.33986334E-01    2     1000022         3   # BR(~s_L -> ~chi_10 s)
     6.66013666E-01    2    -1000024         4   # BR(~s_L -> ~chi_1- c)
#
#         PDG            Width
DECAY   2000003     3.43729580E-07   # sstrange_R decays
#          BR         NDA      ID1       ID2
     1.00000000E+00    2     1000022         3   # BR(~s_R -> ~chi_10 s)
#
#         PDG            Width
DECAY   1000011     3.68646878E-06   # selectron_L decays
#           BR         NDA      ID1       ID2       ID3
     7.35107435E-04    3     1000016        11       -16   # Br(~e_l -> ~nt      e-  ntauba)
     7.35107435E-04    3     1000014        11       -14   # Br(~e_l -> ~nmu     e-   nmuba)
     1.95242396E-03    3    -1000016        11        16   # Br(~e_l -> ~ntba    e-   ntau)
     1.95242396E-03    3    -1000014        11        14   # Br(~e_l -> ~nmuba   e-   nmu)
     7.97917861E-03    3    -1000016        15        12   # Br(~e_l -> ~ntba    tau- ne)
     8.34737622E-03    3    -1000014        13        12   # Br(~e_l -> ~nmuba   mu-  ne)
     2.23634944E-03    3    -1000012        11        12   # Br(~e_l -> ~neba    e-   ne)
     1.05525397E-01    3     1000012        15       -16   # Br(~e_l -> ~ne      tau- ntauba)
     1.10847657E-01    3     1000012        13       -14   # Br(~e_l -> ~ne      mu-  nmuba)
     3.32542972E-01    3     1000012         1        -2   # Br(~e_l -> ~ne      d    uba)
     3.32542972E-01    3     1000012         3        -4   # Br(~e_l -> ~ne      s   cba)
     9.46030350E-02    3     1000012        11       -12   # Br(~e_l -> ~ne      e-  neba)
#
#         PDG            Width
DECAY   2000011     1.00396175E-02   # selectron_R decays
#          BR         NDA      ID1       ID2
     1.60285204E-03    2     1000022        11   # BR(~e_R -> ~chi_10 e-)
     9.98397148E-01    2     1000023        11   # BR(~e_R -> ~chi_20 e-)
#
#         PDG            Width
DECAY   1000013     3.68646878E-06   # smuon_L decays
#           BR         NDA      ID1       ID2       ID3
     7.35107435E-04    3     1000016        13       -16   # Br(~mu_L -> ~nt      mu-  ntauba)
     7.35107435E-04    3     1000012        13       -12   # Br(~mu_L -> ~ne      mu-   neba)
     1.95242396E-03    3    -1000016        13        16   # Br(~mu_L -> ~ntba    mu-   ntau)
     1.95242396E-03    3    -1000012        13        12   # Br(~mu_L -> ~neba    mu-   ne)
     7.97917861E-03    3    -1000016        15        14   # Br(~mu_L -> ~ntba    tau- nmu)
     8.34737622E-03    3    -1000012        11        14   # Br(~mu_L -> ~neba    e-  nmu)
     2.23634944E-03    3    -1000014        13        14   # Br(~mu_L -> ~nmuba   mu-   nmu)
     1.05525397E-01    3     1000014        15       -16   # Br(~mu_L -> ~nmu     tau- ntauba)
     1.10847657E-01    3     1000014        11       -12   # Br(~mu_L -> ~nmu     e-   neba)
     3.32542972E-01    3     1000014         1        -2   # Br(~mu_L -> ~nmu     d    uba)
     3.32542972E-01    3     1000014         3        -4   # Br(~mu_L -> ~nmu     s   cba)
     9.46030350E-02    3     1000014        13       -14   # Br(~mu_L -> ~nmu     mu- nmuba)
#
#         PDG            Width
DECAY   2000013     1.00396175E-02   # smuon_R decays
#          BR         NDA      ID1       ID2
     1.60285204E-03    2     1000022        13   # BR(~mu_R -> ~chi_10 mu-)
     9.98397148E-01    2     1000023        13   # BR(~mu_R -> ~chi_20 mu-)
#
#         PDG            Width
DECAY   1000015     3.69625771E-06   # stau_1 decays
#           BR         NDA      ID1       ID2       ID3
     6.93698889E-04    3     1000012        15       -12   # Br(~tau_1 -> ~ne      tau- neba)
     6.93698889E-04    3     1000014        15       -14   # Br(~tau_1 -> ~nmu     tau- nmuba)
     1.85099903E-03    3    -1000012        15        12   # Br(~tau_1 -> ~neba    tau- ne)
     1.85099903E-03    3    -1000014        15        14   # Br(~tau_1 -> ~nmuba   tau- nmu)
     8.34852383E-03    3    -1000012        11        16   # Br(~tau_1 -> ~neba    e-   ntau)
     8.34852383E-03    3    -1000014        13        16   # Br(~tau_1 -> ~nmuba   mu-  ntau)
     2.54278835E-19    3     1000011        16       -12   # Br(~tau_1 -> ~e_l     ntau- neba) 
     2.54278835E-19    3     1000013        16       -14   # Br(~tau_1 -> ~mu_l    tau- nmuba) 
     2.15401994E-03    3    -1000016        15        16   # Br(~tau_1 -> ~ntauba  tau- ntau)
     1.10865498E-01    3     1000016        11       -12   # Br(~tau_1 -> ~ntau    e-   neba)
     1.10865498E-01    3     1000016        13       -14   # Br(~tau_1 -> ~ntau    mu-  nmuba)
     3.32596494E-01    3     1000016         1        -2   # Br(~tau_1 -> ~ntau    d    uba)
     3.32596494E-01    3     1000016         3        -4   # Br(~tau_1 -> ~ntau    s    cba)
     8.91355523E-02    3     1000016        15       -16   # Br(~tau_1 -> ~ntau    tau- ntauba)
#
#         PDG            Width
DECAY   2000015     3.29555204E-01   # stau_2 decays
#          BR         NDA      ID1       ID2
     3.11947323E-04    2     1000022        15   # BR(~tau_2 -> ~chi_10  tau-)
     3.03199611E-02    2     1000023        15   # BR(~tau_2 -> ~chi_20  tau-)
     5.24432418E-04    2    -1000024        16   # BR(~tau_2 -> ~chi_1-  nu_tau)
     4.89283400E-01    2     1000016       -37   # BR(~tau_2 -> ~nu_tauL H-)
     9.59282079E-06    2     1000015        25   # BR(~tau_2 -> ~tau_1   h)
     2.40335854E-01    2     1000015        35   # BR(~tau_2 -> ~tau_1   H)
     2.39214813E-01    2     1000015        36   # BR(~tau_2 -> ~tau_1   A)
#
#         PDG            Width
DECAY   1000012     0.00000000E+00   # snu_eL decays
#
#         PDG            Width
DECAY   1000014     0.00000000E+00   # snu_muL decays
#
#         PDG            Width
DECAY   1000016     0.00000000E+00   # snu_tauL decays
#
#         PDG            Width
DECAY   1000024     2.50763797E+00   # chargino1+ decays
#          BR         NDA      ID1       ID2
     1.89232110E-01    2     1000012       -11   # BR(~chi_1+ -> ~nu_eL   e+  )
     1.89232110E-01    2     1000014       -13   # BR(~chi_1+ -> ~nu_muL  mu+ )
     1.89252478E-01    2     1000016       -15   # BR(~chi_1+ -> ~nu_tau1 tau+)
     1.44102823E-01    2    -1000011        12   # BR(~chi_1+ -> ~e_L+    nu_e)
     1.44102823E-01    2    -1000013        14   # BR(~chi_1+ -> ~mu_L+   nu_mu)
     1.44077658E-01    2    -1000015        16   # BR(~chi_1+ -> ~tau_1+  nu_tau)
#
#         PDG            Width
DECAY   1000037     7.65454286E+01   # chargino2+ decays
#          BR         NDA      ID1       ID2
     2.62072423E-04    2     1000002        -1   # BR(~chi_2+ -> ~u_L     db)
     1.16810969E-03    2    -1000001         2   # BR(~chi_2+ -> ~d_L*    u )
     2.62072423E-04    2     1000004        -3   # BR(~chi_2+ -> ~c_L     sb)
     1.16810969E-03    2    -1000003         4   # BR(~chi_2+ -> ~s_L*    c )
    -1.47278434E+00    2     1000006        -5   # BR(~chi_2+ -> ~t_1     bb)
     1.88748913E+00    2     2000006        -5   # BR(~chi_2+ -> ~t_2     bb)
    -4.61259735E-04    2    -1000005         6   # BR(~chi_2+ -> ~b_1*    t )
     4.14525347E-01    2    -2000005         6   # BR(~chi_2+ -> ~b_2*    t )
     1.07662110E-04    2     1000012       -11   # BR(~chi_2+ -> ~nu_eL   e+  )
     1.07662110E-04    2     1000014       -13   # BR(~chi_2+ -> ~nu_muL  mu+ )
     2.98812113E-04    2     1000016       -15   # BR(~chi_2+ -> ~nu_tau1 tau+)
     4.79870306E-04    2    -1000011        12   # BR(~chi_2+ -> ~e_L+    nu_e)
     4.79870306E-04    2    -1000013        14   # BR(~chi_2+ -> ~mu_L+   nu_mu)
     4.79868941E-04    2    -1000015        16   # BR(~chi_2+ -> ~tau_1+  nu_tau)
     6.55760279E-09    2    -2000015        16   # BR(~chi_2+ -> ~tau_2+  nu_tau)
     4.87461211E-02    2     1000024        23   # BR(~chi_2+ -> ~chi_1+  Z )
     4.78930504E-02    2     1000022        24   # BR(~chi_2+ -> ~chi_10  W+)
     4.68804021E-02    2     1000024        25   # BR(~chi_2+ -> ~chi_1+  h )
     7.57058116E-03    2     1000024        35   # BR(~chi_2+ -> ~chi_1+  H )
     7.52616503E-03    2     1000024        36   # BR(~chi_2+ -> ~chi_1+  A )
     7.80068084E-03    2     1000022        37   # BR(~chi_2+ -> ~chi_10  H+)
#
#         PDG            Width
DECAY   1000022     2.50723264E+00   # neutralino1 decays
#          BR         NDA      ID1       ID2
     7.21094421E-02    2     1000011       -11   # BR(~chi_10 -> ~e_L-     e+)
     7.21094421E-02    2    -1000011        11   # BR(~chi_10 -> ~e_L+     e-)
     7.21094421E-02    2     1000013       -13   # BR(~chi_10 -> ~mu_L-    mu+)
     7.21094421E-02    2    -1000013        13   # BR(~chi_10 -> ~mu_L+    mu-)
     7.21030193E-02    2     1000015       -15   # BR(~chi_10 -> ~tau_1-   tau+)
     7.21030193E-02    2    -1000015        15   # BR(~chi_10 -> ~tau_1+   tau-)
     9.45593655E-02    2     1000012       -12   # BR(~chi_10 -> ~nu_eL    nu_eb)
     9.45593655E-02    2    -1000012        12   # BR(~chi_10 -> ~nu_eL*   nu_e )
     9.45593655E-02    2     1000014       -14   # BR(~chi_10 -> ~nu_muL   nu_mub)
     9.45593655E-02    2    -1000014        14   # BR(~chi_10 -> ~nu_muL*  nu_mu )
     9.45593655E-02    2     1000016       -16   # BR(~chi_10 -> ~nu_tau1  nu_taub)
     9.45593655E-02    2    -1000016        16   # BR(~chi_10 -> ~nu_tau1* nu_tau )
#
#         PDG            Width
DECAY   1000023     6.03699954E+01   # neutralino2 decays
#          BR         NDA      ID1       ID2
     3.20355079E-03    2     1000022        23   # BR(~chi_20 -> ~chi_10   Z )
     2.94173418E-02    2     1000024       -24   # BR(~chi_20 -> ~chi_1+   W-)
     2.94173418E-02    2    -1000024        24   # BR(~chi_20 -> ~chi_1-   W+)
     2.57475645E-02    2     1000022        25   # BR(~chi_20 -> ~chi_10   h )
     2.11466075E-03    2     1000022        35   # BR(~chi_20 -> ~chi_10   H )
     2.02268019E-03    2     1000022        36   # BR(~chi_20 -> ~chi_10   A )
     4.34926748E-03    2     1000024       -37   # BR(~chi_20 -> ~chi_1+   H-)
     4.34926748E-03    2    -1000024        37   # BR(~chi_20 -> ~chi_1-   H+)
     3.51967573E-03    2     1000002        -2   # BR(~chi_20 -> ~u_L      ub)
     3.51967573E-03    2    -1000002         2   # BR(~chi_20 -> ~u_L*     u )
     3.29908602E-02    2     2000002        -2   # BR(~chi_20 -> ~u_R      ub)
     3.29908602E-02    2    -2000002         2   # BR(~chi_20 -> ~u_R*     u )
     9.90327614E-04    2     1000001        -1   # BR(~chi_20 -> ~d_L      db)
     9.90327614E-04    2    -1000001         1   # BR(~chi_20 -> ~d_L*     d )
     8.23650825E-03    2     2000001        -1   # BR(~chi_20 -> ~d_R      db)
     8.23650825E-03    2    -2000001         1   # BR(~chi_20 -> ~d_R*     d )
     3.51967573E-03    2     1000004        -4   # BR(~chi_20 -> ~c_L      cb)
     3.51967573E-03    2    -1000004         4   # BR(~chi_20 -> ~c_L*     c )
     3.29908602E-02    2     2000004        -4   # BR(~chi_20 -> ~c_R      cb)
     3.29908602E-02    2    -2000004         4   # BR(~chi_20 -> ~c_R*     c )
     9.90327614E-04    2     1000003        -3   # BR(~chi_20 -> ~s_L      sb)
     9.90327614E-04    2    -1000003         3   # BR(~chi_20 -> ~s_L*     s )
     8.23650825E-03    2     2000003        -3   # BR(~chi_20 -> ~s_R      sb)
     8.23650825E-03    2    -2000003         3   # BR(~chi_20 -> ~s_R*     s )
    -8.14264696E-01    2     1000006        -6   # BR(~chi_20 -> ~t_1      tb)
    -8.14264696E-01    2    -1000006         6   # BR(~chi_20 -> ~t_1*     t )
     1.11273117E+00    2     2000006        -6   # BR(~chi_20 -> ~t_2      tb)
     1.11273117E+00    2    -2000006         6   # BR(~chi_20 -> ~t_2*     t )
     9.24112340E-03    2     1000005        -5   # BR(~chi_20 -> ~b_1      bb)
     9.24112340E-03    2    -1000005         5   # BR(~chi_20 -> ~b_1*     b )
     2.03206047E-03    2     2000005        -5   # BR(~chi_20 -> ~b_2      bb)
     2.03206047E-03    2    -2000005         5   # BR(~chi_20 -> ~b_2*     b )
     9.44656825E-03    2     1000011       -11   # BR(~chi_20 -> ~e_L-     e+)
     9.44656825E-03    2    -1000011        11   # BR(~chi_20 -> ~e_L+     e-)
     9.44656825E-03    2     1000013       -13   # BR(~chi_20 -> ~mu_L-    mu+)
     9.44656825E-03    2    -1000013        13   # BR(~chi_20 -> ~mu_L+    mu-)
     9.49957801E-03    2     1000015       -15   # BR(~chi_20 -> ~tau_1-   tau+)
     9.49957801E-03    2    -1000015        15   # BR(~chi_20 -> ~tau_1+   tau-)
     6.30555437E-03    2     1000012       -12   # BR(~chi_20 -> ~nu_eL    nu_eb)
     6.30555437E-03    2    -1000012        12   # BR(~chi_20 -> ~nu_eL*   nu_e )
     6.30555437E-03    2     1000014       -14   # BR(~chi_20 -> ~nu_muL   nu_mub)
     6.30555437E-03    2    -1000014        14   # BR(~chi_20 -> ~nu_muL*  nu_mu )
     6.30555437E-03    2     1000016       -16   # BR(~chi_20 -> ~nu_tau1  nu_taub)
     6.30555437E-03    2    -1000016        16   # BR(~chi_20 -> ~nu_tau1* nu_tau )
#
#         PDG            Width
DECAY   1000025     7.74641113E+01   # neutralino3 decays
#          BR         NDA      ID1       ID2
     4.25980512E-02    2     1000022        23   # BR(~chi_30 -> ~chi_10   Z )
     4.72557940E-02    2     1000024       -24   # BR(~chi_30 -> ~chi_1+   W-)
     4.72557940E-02    2    -1000024        24   # BR(~chi_30 -> ~chi_1-   W+)
     5.22625026E-03    2     1000022        25   # BR(~chi_30 -> ~chi_10   h )
     3.94421626E-03    2     1000022        35   # BR(~chi_30 -> ~chi_10   H )
     3.44306671E-03    2     1000022        36   # BR(~chi_30 -> ~chi_10   A )
     7.53410474E-03    2     1000024       -37   # BR(~chi_30 -> ~chi_1+   H-)
     7.53410474E-03    2    -1000024        37   # BR(~chi_30 -> ~chi_1-   H+)
     3.52446141E-05    2     1000002        -2   # BR(~chi_30 -> ~u_L      ub)
     3.52446141E-05    2    -1000002         2   # BR(~chi_30 -> ~u_L*     u )
     2.25104606E-06    2     2000002        -2   # BR(~chi_30 -> ~u_R      ub)
     2.25104606E-06    2    -2000002         2   # BR(~chi_30 -> ~u_R*     u )
     4.45327761E-05    2     1000001        -1   # BR(~chi_30 -> ~d_L      db)
     4.45327761E-05    2    -1000001         1   # BR(~chi_30 -> ~d_L*     d )
     5.62041792E-07    2     2000001        -1   # BR(~chi_30 -> ~d_R      db)
     5.62041792E-07    2    -2000001         1   # BR(~chi_30 -> ~d_R*     d )
     3.52446141E-05    2     1000004        -4   # BR(~chi_30 -> ~c_L      cb)
     3.52446141E-05    2    -1000004         4   # BR(~chi_30 -> ~c_L*     c )
     2.25104606E-06    2     2000004        -4   # BR(~chi_30 -> ~c_R      cb)
     2.25104606E-06    2    -2000004         4   # BR(~chi_30 -> ~c_R*     c )
     4.45327761E-05    2     1000003        -3   # BR(~chi_30 -> ~s_L      sb)
     4.45327761E-05    2    -1000003         3   # BR(~chi_30 -> ~s_L*     s )
     5.62041792E-07    2     2000003        -3   # BR(~chi_30 -> ~s_R      sb)
     5.62041792E-07    2    -2000003         3   # BR(~chi_30 -> ~s_R*     s )
     6.70659456E-01    2     1000006        -6   # BR(~chi_30 -> ~t_1      tb)
     6.70659456E-01    2    -1000006         6   # BR(~chi_30 -> ~t_1*     t )
    -2.54553820E-01    2     2000006        -6   # BR(~chi_30 -> ~t_2      tb)
    -2.54553820E-01    2    -2000006         6   # BR(~chi_30 -> ~t_2*     t )
     5.87084589E-04    2     1000005        -5   # BR(~chi_30 -> ~b_1      bb)
     5.87084589E-04    2    -1000005         5   # BR(~chi_30 -> ~b_1*     b )
     5.46837855E-04    2     2000005        -5   # BR(~chi_30 -> ~b_2      bb)
     5.46837855E-04    2    -2000005         5   # BR(~chi_30 -> ~b_2*     b )
     1.11611681E-05    2     1000011       -11   # BR(~chi_30 -> ~e_L-     e+)
     1.11611681E-05    2    -1000011        11   # BR(~chi_30 -> ~e_L+     e-)
     4.56616203E-13    2     2000011       -11   # BR(~chi_30 -> ~e_R-     e+)
     4.56616203E-13    2    -2000011        11   # BR(~chi_30 -> ~e_R+     e-)
     1.11611681E-05    2     1000013       -13   # BR(~chi_30 -> ~mu_L-    mu+)
     1.11611681E-05    2    -1000013        13   # BR(~chi_30 -> ~mu_L+    mu-)
     4.56616203E-13    2     2000013       -13   # BR(~chi_30 -> ~mu_R-    mu+)
     4.56616203E-13    2    -2000013        13   # BR(~chi_30 -> ~mu_R+    mu-)
     1.05813610E-04    2     1000015       -15   # BR(~chi_30 -> ~tau_1-   tau+)
     1.05813610E-04    2    -1000015        15   # BR(~chi_30 -> ~tau_1+   tau-)
     2.30646047E-05    2     1000012       -12   # BR(~chi_30 -> ~nu_eL    nu_eb)
     2.30646047E-05    2    -1000012        12   # BR(~chi_30 -> ~nu_eL*   nu_e )
     2.30646047E-05    2     1000014       -14   # BR(~chi_30 -> ~nu_muL   nu_mub)
     2.30646047E-05    2    -1000014        14   # BR(~chi_30 -> ~nu_muL*  nu_mu )
     2.30646047E-05    2     1000016       -16   # BR(~chi_30 -> ~nu_tau1  nu_taub)
     2.30646047E-05    2    -1000016        16   # BR(~chi_30 -> ~nu_tau1* nu_tau )
#
#         PDG            Width
DECAY   1000035     6.11204582E+01   # neutralino4 decays
#          BR         NDA      ID1       ID2
     3.84474193E-03    2     1000022        23   # BR(~chi_40 -> ~chi_10   Z )
     3.10960554E-02    2     1000024       -24   # BR(~chi_40 -> ~chi_1+   W-)
     3.10960554E-02    2    -1000024        24   # BR(~chi_40 -> ~chi_1-   W+)
     2.67815084E-02    2     1000022        25   # BR(~chi_40 -> ~chi_10   h )
     2.18122285E-03    2     1000022        35   # BR(~chi_40 -> ~chi_10   H )
     2.89591900E-03    2     1000022        36   # BR(~chi_40 -> ~chi_10   A )
     5.30800852E-03    2     1000024       -37   # BR(~chi_40 -> ~chi_1+   H-)
     5.30800852E-03    2    -1000024        37   # BR(~chi_40 -> ~chi_1-   H+)
     9.18566991E-04    2     1000002        -2   # BR(~chi_40 -> ~u_L      ub)
     9.18566991E-04    2    -1000002         2   # BR(~chi_40 -> ~u_L*     u )
     3.17095020E-02    2     2000002        -2   # BR(~chi_40 -> ~u_R      ub)
     3.17095020E-02    2    -2000002         2   # BR(~chi_40 -> ~u_R*     u )
     3.44045079E-03    2     1000001        -1   # BR(~chi_40 -> ~d_L      db)
     3.44045079E-03    2    -1000001         1   # BR(~chi_40 -> ~d_L*     d )
     7.91785247E-03    2     2000001        -1   # BR(~chi_40 -> ~d_R      db)
     7.91785247E-03    2    -2000001         1   # BR(~chi_40 -> ~d_R*     d )
     9.18566991E-04    2     1000004        -4   # BR(~chi_40 -> ~c_L      cb)
     9.18566991E-04    2    -1000004         4   # BR(~chi_40 -> ~c_L*     c )
     3.17095020E-02    2     2000004        -4   # BR(~chi_40 -> ~c_R      cb)
     3.17095020E-02    2    -2000004         4   # BR(~chi_40 -> ~c_R*     c )
     3.44045079E-03    2     1000003        -3   # BR(~chi_40 -> ~s_L      sb)
     3.44045079E-03    2    -1000003         3   # BR(~chi_40 -> ~s_L*     s )
     7.91785247E-03    2     2000003        -3   # BR(~chi_40 -> ~s_R      sb)
     7.91785247E-03    2    -2000003         3   # BR(~chi_40 -> ~s_R*     s )
     3.69117933E-01    2     1000006        -6   # BR(~chi_40 -> ~t_1      tb)
     3.69117933E-01    2    -1000006         6   # BR(~chi_40 -> ~t_1*     t )
    -7.13413463E-02    2     2000006        -6   # BR(~chi_40 -> ~t_2      tb)
    -7.13413463E-02    2    -2000006         6   # BR(~chi_40 -> ~t_2*     t )
     1.01487468E-02    2     1000005        -5   # BR(~chi_40 -> ~b_1      bb)
     1.01487468E-02    2    -1000005         5   # BR(~chi_40 -> ~b_1*     b )
     3.56198045E-03    2     2000005        -5   # BR(~chi_40 -> ~b_2      bb)
     3.56198045E-03    2    -2000005         5   # BR(~chi_40 -> ~b_2*     b )
     5.86236855E-03    2     1000011       -11   # BR(~chi_40 -> ~e_L-     e+)
     5.86236855E-03    2    -1000011        11   # BR(~chi_40 -> ~e_L+     e-)
     8.46905707E-05    2     2000011       -11   # BR(~chi_40 -> ~e_R-     e+)
     8.46905707E-05    2    -2000011        11   # BR(~chi_40 -> ~e_R+     e-)
     5.86236855E-03    2     1000013       -13   # BR(~chi_40 -> ~mu_L-    mu+)
     5.86236855E-03    2    -1000013        13   # BR(~chi_40 -> ~mu_L+    mu-)
     8.46905707E-05    2     2000013       -13   # BR(~chi_40 -> ~mu_R-    mu+)
     8.46905707E-05    2    -2000013        13   # BR(~chi_40 -> ~mu_R+    mu-)
     5.92891180E-03    2     1000015       -15   # BR(~chi_40 -> ~tau_1-   tau+)
     5.92891180E-03    2    -1000015        15   # BR(~chi_40 -> ~tau_1+   tau-)
     8.44526334E-05    2     2000015       -15   # BR(~chi_40 -> ~tau_2-   tau+)
     8.44526334E-05    2    -2000015        15   # BR(~chi_40 -> ~tau_2+   tau-)
     9.03084938E-03    2     1000012       -12   # BR(~chi_40 -> ~nu_eL    nu_eb)
     9.03084938E-03    2    -1000012        12   # BR(~chi_40 -> ~nu_eL*   nu_e )
     9.03084938E-03    2     1000014       -14   # BR(~chi_40 -> ~nu_muL   nu_mub)
     9.03084938E-03    2    -1000014        14   # BR(~chi_40 -> ~nu_muL*  nu_mu )
     9.03084938E-03    2     1000016       -16   # BR(~chi_40 -> ~nu_tau1  nu_taub)
     9.03084938E-03    2    -1000016        16   # BR(~chi_40 -> ~nu_tau1* nu_tau )
#
#         PDG            Width
DECAY        26     3.54606714E-03   # h decays
#          BR         NDA      ID1       ID2
     6.96126874E-01    2           5        -5   # BR(h -> b       bb     )
     7.14856331E-02    2          15       -15   # BR(h -> tau+    tau-   )
     2.53064450E-04    2          13       -13   # BR(h -> mu+     mu-    )
     5.41303912E-04    2           3        -3   # BR(h -> s       sb     )
     2.28400887E-02    2           4        -4   # BR(h -> c       cb     )
     7.54463696E-02    2          21        21   # BR(h -> g       g      )
     2.06654230E-03    2          22        22   # BR(h -> gam     gam    )
     9.88030777E-04    2          22        23   # BR(h -> Z       gam    )
     1.16942784E-01    2          24       -24   # BR(h -> W+      W-     )
     1.33093091E-02    2          23        23   # BR(h -> Z       Z      )
#
#         PDG            Width
DECAY        35     7.75536891E+00   # H decays
#          BR         NDA      ID1       ID2
     8.45816433E-03    2           5        -5   # BR(H -> b       bb     )
     2.39100877E-03    2          15       -15   # BR(H -> tau+    tau-   )
     8.45322686E-06    2          13       -13   # BR(H -> mu+     mu-    )
     1.20846108E-05    2           3        -3   # BR(H -> s       sb     )
     6.90894169E-06    2           4        -4   # BR(H -> c       cb     )
     6.34501133E-01    2           6        -6   # BR(H -> t       tb     )
     1.06548261E-03    2          21        21   # BR(H -> g       g      )
     3.68961506E-06    2          22        22   # BR(H -> gam     gam    )
     1.00820391E-06    2          23        22   # BR(H -> Z       gam    )
     9.45048478E-04    2          24       -24   # BR(H -> W+      W-     )
     4.67337943E-04    2          23        23   # BR(H -> Z       Z      )
     4.34296885E-03    2          25        25   # BR(H -> h       h      )
     1.67604165E-10    2         -24       -37   # BR(H -> W+      H-     )
     1.67604165E-10    2          24        37   # BR(H -> W-      H+     )
     2.77040908E-03    2     1000024  -1000024   # BR(H -> ~chi_1+ ~chi_1-)
     1.38889949E-03    2     1000022   1000022   # BR(H -> ~chi_10 ~chi_10)
     4.61424857E-04    2     1000002  -1000002   # BR(H -> ~u_L    ~u_L*  )
     7.71581439E-05    2     2000002  -2000002   # BR(H -> ~u_R    ~u_R*  )
     4.61424857E-04    2     1000004  -1000004   # BR(H -> ~c_L    ~c_L*  )
     7.71581439E-05    2     2000004  -2000004   # BR(H -> ~c_R    ~c_R*  )
     5.81685498E-04    2     1000001  -1000001   # BR(H -> ~d_L    ~d_L*  )
     1.84766824E-05    2     2000001  -2000001   # BR(H -> ~d_R    ~d_R*  )
     5.81685498E-04    2     1000003  -1000003   # BR(H -> ~s_L    ~s_L*  )
     1.84766824E-05    2     2000003  -2000003   # BR(H -> ~s_R    ~s_R*  )
     2.71569214E-07    2     1000005  -1000005   # BR(H -> ~b_1    ~b_1*  )
     6.87693772E-04    2     2000005  -2000005   # BR(H -> ~b_2    ~b_2*  )
     1.68319132E-01    2     1000005  -2000005   # BR(H -> ~b_1    ~b_2*  )
     1.68319132E-01    2     2000005  -1000005   # BR(H -> ~b_2    ~b_1*  )
     3.18245013E-04    2     1000011  -1000011   # BR(H -> ~e_L-   ~e_L+  )
     3.18245013E-04    2     1000013  -1000013   # BR(H -> ~mu_L-  ~mu_L+ )
     3.13944179E-04    2     1000015  -1000015   # BR(H -> ~tau_1- ~tau_1+)
     1.02774956E-03    2     1000012  -1000012   # BR(H -> ~nu_eL  ~nu_eL*   )
     1.02774956E-03    2     1000014  -1000014   # BR(H -> ~nu_muL ~nu_muL*  )
     1.02774956E-03    2     1000016  -1000016   # BR(H -> ~nu_tauL ~nu_tauL*)
#
#         PDG            Width
DECAY        36     8.17234911E+00   # A decays
#          BR         NDA      ID1       ID2
     8.15150815E-03    2           5        -5   # BR(A -> b       bb     )
     2.28237255E-03    2          15       -15   # BR(A -> tau+    tau-   )
     8.06904956E-06    2          13       -13   # BR(A -> mu+     mu-    )
     1.16156061E-05    2           3        -3   # BR(A -> s       sb     )
     6.44218746E-06    2           4        -4   # BR(A -> c       cb     )
     6.47359978E-01    2           6        -6   # BR(A -> t       tb     )
     1.16502730E-03    2          21        21   # BR(A -> g       g      )
     2.67720066E-06    2          22        22   # BR(A -> gam     gam    )
     1.35963409E-06    2          23        22   # BR(A -> Z       gam    )
     8.77304816E-04    2          23        25   # BR(A -> Z       h      )
     6.64297275E-03    2     1000024  -1000024   # BR(A -> ~chi_1+ ~chi_1-)
     3.33227707E-03    2     1000022   1000022   # BR(A -> ~chi_10 ~chi_10)
     1.65079198E-01    2     1000005  -2000005   # BR(A -> ~b_1    ~b_2*  )
     1.65079198E-01    2    -1000005   2000005   # BR(H -> ~b_1*   ~b_2   )
#
#         PDG            Width
DECAY        37     2.28562105E+01   # H+ decays
#          BR         NDA      ID1       ID2
     6.40411542E-06    2           4        -5   # BR(H+ -> c       bb     )
     8.11125076E-04    2          15        16   # BR(H+ -> tau+    nu_tau )
     2.86763391E-06    2          13        14   # BR(H+ -> mu+     nu_mu  )
     4.09635205E-08    2           2        -5   # BR(H+ -> u       bb     )
     1.96115437E-07    2           2        -3   # BR(H+ -> u       sb     )
     6.22426744E-06    2           4        -3   # BR(H+ -> c       sb     )
     2.27000553E-01    2           6        -5   # BR(H+ -> t       bb     )
     3.09553721E-04    2          24        25   # BR(H+ -> W+      h      )
     1.98758945E-09    2     1000024   1000022   # BR(H+ -> ~chi_1+ ~chi_10)
     4.17671747E-04    2    -1000011   1000012   # BR(H+ -> ~e_L+   ~nu_eL )
     4.17671747E-04    2    -1000013   1000014   # BR(H+ -> ~mu_L+  ~nu_muL)
     4.15625095E-04    2    -1000015   1000016   # BR(H+ -> ~tau_1+ ~nu_tauL)
     3.37230175E-04    2     1000002  -1000001   # BR(H+ -> ~u_L    ~d_L*  )
     3.37230175E-04    2     1000004  -1000003   # BR(H+ -> ~c_L    ~s_L*  )
     5.37909619E-02    2     1000006  -1000005   # BR(H+ -> ~t_1    ~b_1*  )
     6.17064886E-01    2     2000006  -2000005   # BR(H+ -> ~t_2    ~b_2*  )
     9.52353530E-02    2     1000006  -2000005   # BR(H+ -> ~t_1    ~b_2*  )
     3.84640357E-03    2     2000006  -1000005   # BR(H+ -> ~t_2    ~b_1*  )
